[0m[[0m[0mdebug[0m] [0m[0m> Exec(early(addDefaultCommands), None, None)[0m
[0m[[0m[0mdebug[0m] [0m[0m> Exec(addDefaultCommands, None, None)[0m
[0m[[0m[0mdebug[0m] [0m[0m> Exec(early(initialize), None, None)[0m
[0m[[0m[0mdebug[0m] [0m[0m> Exec(initialize, None, None)[0m
[0m[[0m[0mdebug[0m] [0m[0m> Exec(boot, None, None)[0m
[0m[[0m[0mdebug[0m] [0m[0m> Exec(writeSbtVersion, None, None)[0m
[0m[[0m[0mdebug[0m] [0m[0m> Exec(reload, None, None)[0m
[0m[[0m[0mdebug[0m] [0m[0m> Exec(sbtStashOnFailure, None, None)[0m
[0m[[0m[0mdebug[0m] [0m[0m> Exec(onFailure loadFailed, None, None)[0m
[0m[[0m[0mdebug[0m] [0m[0m> Exec(loadp, None, None)[0m
[0m[[0m[0minfo[0m] [0m[0mwelcome to sbt 1.4.4 (N/A Java 14.0.1)[0m
[0m[[0m[0mdebug[0m] [0m[0m      Load.loadUnit: plugins took 133.159987ms[0m
[0m[[0m[0mdebug[0m] [0m[0m      Load.loadUnit: defsScala took 0.35349ms[0m
[0m[[0m[0mdebug[0m] [0m[0m[Loading] Scanning directory /Users/corogly/.sbt/1.0/plugins[0m
[0m[[0m[0mdebug[0m] [0m[0m[Loading] Found non-root projects [0m
[0m[[0m[0mdebug[0m] [0m[0m[Loading] Done in /Users/corogly/.sbt/1.0/plugins, returning: ()[0m
[0m[[0m[0mdebug[0m] [0m[0mdeducing auto plugins based on known facts Set(Atom(sbt.plugins.CorePlugin)) and clauses Clauses(List(Clause(Atom(sbt.plugins.JvmPlugin),Set(Atom(sbt.plugins.IvyPlugin))), Clause(Atom(sbt.ScriptedPlugin),Set(Atom(sbt.plugins.JvmPlugin))), Clause(Atom(sbt.plugins.SbtPlugin),Set(Atom(sbt.ScriptedPlugin))), Clause(Atom(sbt.plugins.SemanticdbPlugin),Set(Atom(sbt.plugins.JvmPlugin))), Clause(Atom(sbt.plugins.JUnitXmlReportPlugin),Set(Atom(sbt.plugins.JvmPlugin))), Clause(Atom(sbt.plugins.MiniDependencyTreePlugin),Set(Atom(sbt.plugins.JvmPlugin))), Clause(Atom(sbt.plugins.CorePlugin),Set(Atom(sbt.plugins.IvyPlugin))), Clause(Atom(sbt.plugins.IvyPlugin),Set(Atom(sbt.plugins.JvmPlugin))), Clause(Atom(sbt.plugins.JvmPlugin),Set(Atom(sbt.plugins.SemanticdbPlugin))), Clause(Atom(sbt.plugins.JvmPlugin),Set(Atom(sbt.plugins.JUnitXmlReportPlugin))), Clause(Atom(sbt.plugins.CorePlugin),Set(Atom(sbt.plugins.Giter8TemplatePlugin))), Clause(Atom(sbt.plugins.JvmPlugin),Set(Atom(sbt.plugins.MiniDependencyTreePlugin)))))[0m
[0m[[0m[0mdebug[0m] [0m[0m  :: deduced result: Matched(sbt.plugins.CorePlugin,sbt.plugins.Giter8TemplatePlugin,sbt.plugins.IvyPlugin,sbt.plugins.JvmPlugin,sbt.plugins.MiniDependencyTreePlugin,sbt.plugins.JUnitXmlReportPlugin,sbt.plugins.SemanticdbPlugin)[0m
[0m[[0m[0mdebug[0m] [0m[0mPlugins.deducer#function took 27.300308 ms[0m
[0m[[0m[0mdebug[0m] [0m[0m          Load.resolveProject(global-plugins) took 83.356448ms[0m
[0m[[0m[0mdebug[0m] [0m[0m        Load.loadTransitive: finalizeProject(Project(id global-plugins, base: /Users/corogly/.sbt/1.0/plugins, plugins: List(<none>))) took 139.976204ms[0m
[0m[[0m[0mdebug[0m] [0m[0m[Loading] Done in /Users/corogly/.sbt/1.0/plugins, returning: (global-plugins)[0m
[0m[[0m[0mdebug[0m] [0m[0m      Load.loadUnit: loadedProjectsRaw took 169.723254ms[0m
[0m[[0m[0mdebug[0m] [0m[0m      Load.loadUnit: cleanEvalClasses took 0.673677ms[0m
[0m[[0m[0mdebug[0m] [0m[0m    Load.loadUnit(file:/Users/corogly/.sbt/1.0/plugins/, ...) took 322.863355ms[0m
[0m[[0m[0mdebug[0m] [0m[0m  Load.apply: load took 1259.193969ms[0m
[0m[[0m[0mdebug[0m] [0m[0m  Load.apply: resolveProjects took 10.826476ms[0m
[0m[[0m[0mdebug[0m] [0m[0m  Load.apply: finalTransforms took 256.736911ms[0m
[0m[[0m[0mdebug[0m] [0m[0m  Load.apply: config.delegates took 87.396886ms[0m
[0m[[0m[0mdebug[0m] [0m[0m  Load.apply: Def.make(settings)... took 743.463474ms[0m
[0m[[0m[0mdebug[0m] [0m[0m  Load.apply: structureIndex took 176.257788ms[0m
[0m[[0m[0mdebug[0m] [0m[0m  Load.apply: mkStreams took 1.7467ms[0m
[0m[[0m[0minfo[0m] [0m[0mloading global plugins from /Users/corogly/.sbt/1.0/plugins[0m
[0m[[0m[0mdebug[0m] [0m[0mRunning task... Cancel: Signal, check cycles: false, forcegc: true[0m
[0m[[0m[0mdebug[0m] [0m[0mLoad.defaultLoad until apply took 5521.045457ms[0m
[0m[[0m[0mdebug[0m] [0m[0m          Load.loadUnit: plugins took 23.092887ms[0m
[0m[[0m[0mdebug[0m] [0m[0m          Load.loadUnit: defsScala took 0.005719ms[0m
[0m[[0m[0mdebug[0m] [0m[0m[Loading] Scanning directory /Users/corogly/Desktop/sis10/project[0m
[0m[[0m[0mdebug[0m] [0m[0m[Loading] Found non-root projects [0m
[0m[[0m[0mdebug[0m] [0m[0m[Loading] Done in /Users/corogly/Desktop/sis10/project, returning: ()[0m
[0m[[0m[0mdebug[0m] [0m[0mdeducing auto plugins based on known facts Set(Atom(sbt.plugins.CorePlugin)) and clauses Clauses(List(Clause(Atom(sbt.plugins.JvmPlugin),Set(Atom(sbt.plugins.IvyPlugin))), Clause(Atom(sbt.ScriptedPlugin),Set(Atom(sbt.plugins.JvmPlugin))), Clause(Atom(sbt.plugins.SbtPlugin),Set(Atom(sbt.ScriptedPlugin))), Clause(Atom(sbt.plugins.SemanticdbPlugin),Set(Atom(sbt.plugins.JvmPlugin))), Clause(Atom(sbt.plugins.JUnitXmlReportPlugin),Set(Atom(sbt.plugins.JvmPlugin))), Clause(Atom(sbt.plugins.MiniDependencyTreePlugin),Set(Atom(sbt.plugins.JvmPlugin))), Clause(Atom(sbt.plugins.CorePlugin),Set(Atom(sbt.plugins.IvyPlugin))), Clause(Atom(sbt.plugins.IvyPlugin),Set(Atom(sbt.plugins.JvmPlugin))), Clause(Atom(sbt.plugins.JvmPlugin),Set(Atom(sbt.plugins.SemanticdbPlugin))), Clause(Atom(sbt.plugins.JvmPlugin),Set(Atom(sbt.plugins.JUnitXmlReportPlugin))), Clause(Atom(sbt.plugins.CorePlugin),Set(Atom(sbt.plugins.Giter8TemplatePlugin))), Clause(Atom(sbt.plugins.JvmPlugin),Set(Atom(sbt.plugins.MiniDependencyTreePlugin)))))[0m
[0m[[0m[0mdebug[0m] [0m[0m  :: deduced result: Matched(sbt.plugins.CorePlugin,sbt.plugins.Giter8TemplatePlugin,sbt.plugins.IvyPlugin,sbt.plugins.JvmPlugin,sbt.plugins.MiniDependencyTreePlugin,sbt.plugins.JUnitXmlReportPlugin,sbt.plugins.SemanticdbPlugin)[0m
[0m[[0m[0mdebug[0m] [0m[0mPlugins.deducer#function took 2.045445 ms[0m
[0m[[0m[0mdebug[0m] [0m[0m              Load.resolveProject(sis10-build) took 1.329503ms[0m
[0m[[0m[0mdebug[0m] [0m[0m            Load.loadTransitive: finalizeProject(Project(id sis10-build, base: /Users/corogly/Desktop/sis10/project, plugins: List(<none>))) took 4.144676ms[0m
[0m[[0m[0mdebug[0m] [0m[0m[Loading] Done in /Users/corogly/Desktop/sis10/project, returning: (sis10-build)[0m
[0m[[0m[0mdebug[0m] [0m[0m          Load.loadUnit: loadedProjectsRaw took 6.254615ms[0m
[0m[[0m[0mdebug[0m] [0m[0m          Load.loadUnit: cleanEvalClasses took 0.028409ms[0m
[0m[[0m[0mdebug[0m] [0m[0m        Load.loadUnit(file:/Users/corogly/Desktop/sis10/project/, ...) took 30.146909ms[0m
[0m[[0m[0mdebug[0m] [0m[0m      Load.apply: load took 31.951441ms[0m
[0m[[0m[0mdebug[0m] [0m[0m      Load.apply: resolveProjects took 0.224537ms[0m
[0m[[0m[0mdebug[0m] [0m[0m      Load.apply: finalTransforms took 21.459621ms[0m
[0m[[0m[0mdebug[0m] [0m[0m      Load.apply: config.delegates took 0.468279ms[0m
[0m[[0m[0mdebug[0m] [0m[0m      Load.apply: Def.make(settings)... took 174.662343ms[0m
[0m[[0m[0mdebug[0m] [0m[0m      Load.apply: structureIndex took 72.24758ms[0m
[0m[[0m[0mdebug[0m] [0m[0m      Load.apply: mkStreams took 0.003438ms[0m
[0m[[0m[0minfo[0m] [0m[0mloading project definition from /Users/corogly/Desktop/sis10/project[0m
[0m[[0m[0mdebug[0m] [0m[0mRunning task... Cancel: Signal, check cycles: false, forcegc: true[0m
[0m[[0m[0mdebug[0m] [0m[0m    Load.loadUnit: plugins took 562.335197ms[0m
[0m[[0m[0mdebug[0m] [0m[0m    Load.loadUnit: defsScala took 0.004508ms[0m
[0m[[0m[0mdebug[0m] [0m[0m[Loading] Scanning directory /Users/corogly/Desktop/sis10[0m
[0m[[0m[0mdebug[0m] [0m[0m      Load.loadUnit: mkEval took 7.109152ms[0m
[0m[[0m[0mdebug[0m] [0m[0mType error in expression[0m
[0m[[0m[0mdebug[0m] [0m[0m	at sbt.compiler.Eval.checkError(Eval.scala:487)[0m
[0m[[0m[0mdebug[0m] [0m[0m	at sbt.compiler.Eval.compileAndLoad(Eval.scala:262)[0m
[0m[[0m[0mdebug[0m] [0m[0m	at sbt.compiler.Eval.evalCommon(Eval.scala:223)[0m
[0m[[0m[0mdebug[0m] [0m[0m	at sbt.compiler.Eval.evalDefinitions(Eval.scala:164)[0m
[0m[[0m[0mdebug[0m] [0m[0m	at sbt.internal.EvaluateConfigurations$.evaluateDefinitions(EvaluateConfigurations.scala:325)[0m
[0m[[0m[0mdebug[0m] [0m[0m	at sbt.internal.EvaluateConfigurations$.evaluateSbtFile(EvaluateConfigurations.scala:151)[0m
[0m[[0m[0mdebug[0m] [0m[0m	at sbt.internal.Load$.loadSettingsFile$1(Load.scala:1106)[0m
[0m[[0m[0mdebug[0m] [0m[0m	at sbt.internal.Load$.$anonfun$discoverProjects$2(Load.scala:1116)[0m
[0m[[0m[0mdebug[0m] [0m[0m	at scala.collection.MapLike.getOrElse(MapLike.scala:131)[0m
[0m[[0m[0mdebug[0m] [0m[0m	at scala.collection.MapLike.getOrElse$(MapLike.scala:129)[0m
[0m[[0m[0mdebug[0m] [0m[0m	at scala.collection.AbstractMap.getOrElse(Map.scala:65)[0m
[0m[[0m[0mdebug[0m] [0m[0m	at sbt.internal.Load$.memoLoadSettingsFile$1(Load.scala:1115)[0m
[0m[[0m[0mdebug[0m] [0m[0m	at sbt.internal.Load$.$anonfun$discoverProjects$4(Load.scala:1123)[0m
[0m[[0m[0mdebug[0m] [0m[0m	at scala.collection.immutable.List.map(List.scala:293)[0m
[0m[[0m[0mdebug[0m] [0m[0m	at sbt.internal.Load$.loadFiles$1(Load.scala:1123)[0m
[0m[[0m[0mdebug[0m] [0m[0m	at sbt.internal.Load$.discoverProjects(Load.scala:1137)[0m
[0m[[0m[0mdebug[0m] [0m[0m	at sbt.internal.Load$.discover$1(Load.scala:889)[0m
[0m[[0m[0mdebug[0m] [0m[0m	at sbt.internal.Load$.loadTransitive(Load.scala:943)[0m
[0m[[0m[0mdebug[0m] [0m[0m	at sbt.internal.Load$.loadProjects$1(Load.scala:726)[0m
[0m[[0m[0mdebug[0m] [0m[0m	at sbt.internal.Load$.$anonfun$loadUnit$11(Load.scala:729)[0m
[0m[[0m[0mdebug[0m] [0m[0m	at sbt.internal.Load$.timed(Load.scala:1382)[0m
[0m[[0m[0mdebug[0m] [0m[0m	at sbt.internal.Load$.$anonfun$loadUnit$1(Load.scala:729)[0m
[0m[[0m[0mdebug[0m] [0m[0m	at sbt.internal.Load$.timed(Load.scala:1382)[0m
[0m[[0m[0mdebug[0m] [0m[0m	at sbt.internal.Load$.loadUnit(Load.scala:688)[0m
[0m[[0m[0mdebug[0m] [0m[0m	at sbt.internal.Load$.$anonfun$builtinLoader$4(Load.scala:486)[0m
[0m[[0m[0mdebug[0m] [0m[0m	at sbt.internal.BuildLoader$.$anonfun$componentLoader$5(BuildLoader.scala:180)[0m
[0m[[0m[0mdebug[0m] [0m[0m	at sbt.internal.BuildLoader.apply(BuildLoader.scala:245)[0m
[0m[[0m[0mdebug[0m] [0m[0m	at sbt.internal.Load$.loadURI$1(Load.scala:548)[0m
[0m[[0m[0mdebug[0m] [0m[0m	at sbt.internal.Load$.loadAll(Load.scala:564)[0m
[0m[[0m[0mdebug[0m] [0m[0m	at sbt.internal.Load$.loadURI(Load.scala:494)[0m
[0m[[0m[0mdebug[0m] [0m[0m	at sbt.internal.Load$.load(Load.scala:473)[0m
[0m[[0m[0mdebug[0m] [0m[0m	at sbt.internal.Load$.$anonfun$apply$1(Load.scala:242)[0m
[0m[[0m[0mdebug[0m] [0m[0m	at sbt.internal.Load$.timed(Load.scala:1382)[0m
[0m[[0m[0mdebug[0m] [0m[0m	at sbt.internal.Load$.apply(Load.scala:242)[0m
[0m[[0m[0mdebug[0m] [0m[0m	at sbt.internal.Load$.defaultLoad(Load.scala:55)[0m
[0m[[0m[0mdebug[0m] [0m[0m	at sbt.BuiltinCommands$.liftedTree1$1(Main.scala:931)[0m
[0m[[0m[0mdebug[0m] [0m[0m	at sbt.BuiltinCommands$.doLoadProject(Main.scala:931)[0m
[0m[[0m[0mdebug[0m] [0m[0m	at sbt.BuiltinCommands$.$anonfun$loadProjectImpl$2(Main.scala:884)[0m
[0m[[0m[0mdebug[0m] [0m[0m	at sbt.Command$.$anonfun$applyEffect$4(Command.scala:150)[0m
[0m[[0m[0mdebug[0m] [0m[0m	at sbt.Command$.$anonfun$applyEffect$2(Command.scala:145)[0m
[0m[[0m[0mdebug[0m] [0m[0m	at sbt.Command$.process(Command.scala:189)[0m
[0m[[0m[0mdebug[0m] [0m[0m	at sbt.MainLoop$.$anonfun$processCommand$5(MainLoop.scala:244)[0m
[0m[[0m[0mdebug[0m] [0m[0m	at scala.Option.getOrElse(Option.scala:189)[0m
[0m[[0m[0mdebug[0m] [0m[0m	at sbt.MainLoop$.process$1(MainLoop.scala:244)[0m
[0m[[0m[0mdebug[0m] [0m[0m	at sbt.MainLoop$.processCommand(MainLoop.scala:270)[0m
[0m[[0m[0mdebug[0m] [0m[0m	at sbt.MainLoop$.$anonfun$next$5(MainLoop.scala:162)[0m
[0m[[0m[0mdebug[0m] [0m[0m	at sbt.State$StateOpsImpl$.runCmd$1(State.scala:289)[0m
[0m[[0m[0mdebug[0m] [0m[0m	at sbt.State$StateOpsImpl$.process$extension(State.scala:325)[0m
[0m[[0m[0mdebug[0m] [0m[0m	at sbt.MainLoop$.$anonfun$next$4(MainLoop.scala:162)[0m
[0m[[0m[0mdebug[0m] [0m[0m	at sbt.internal.util.ErrorHandling$.wideConvert(ErrorHandling.scala:23)[0m
[0m[[0m[0mdebug[0m] [0m[0m	at sbt.MainLoop$.next(MainLoop.scala:162)[0m
[0m[[0m[0mdebug[0m] [0m[0m	at sbt.MainLoop$.run(MainLoop.scala:143)[0m
[0m[[0m[0mdebug[0m] [0m[0m	at sbt.MainLoop$.$anonfun$runWithNewLog$1(MainLoop.scala:118)[0m
[0m[[0m[0mdebug[0m] [0m[0m	at sbt.io.Using.apply(Using.scala:27)[0m
[0m[[0m[0mdebug[0m] [0m[0m	at sbt.MainLoop$.runWithNewLog(MainLoop.scala:111)[0m
[0m[[0m[0mdebug[0m] [0m[0m	at sbt.MainLoop$.runAndClearLast(MainLoop.scala:65)[0m
[0m[[0m[0mdebug[0m] [0m[0m	at sbt.MainLoop$.runLoggedLoop(MainLoop.scala:50)[0m
[0m[[0m[0mdebug[0m] [0m[0m	at sbt.MainLoop$.runLogged(MainLoop.scala:41)[0m
[0m[[0m[0mdebug[0m] [0m[0m	at sbt.StandardMain$.runManaged(Main.scala:190)[0m
[0m[[0m[0mdebug[0m] [0m[0m	at sbt.xMain$.$anonfun$run$8(Main.scala:102)[0m
[0m[[0m[0mdebug[0m] [0m[0m	at scala.util.DynamicVariable.withValue(DynamicVariable.scala:62)[0m
[0m[[0m[0mdebug[0m] [0m[0m	at scala.Console$.withIn(Console.scala:230)[0m
[0m[[0m[0mdebug[0m] [0m[0m	at sbt.internal.util.Terminal$.withIn(Terminal.scala:557)[0m
[0m[[0m[0mdebug[0m] [0m[0m	at sbt.internal.util.Terminal$.$anonfun$withStreams$1(Terminal.scala:347)[0m
[0m[[0m[0mdebug[0m] [0m[0m	at scala.util.DynamicVariable.withValue(DynamicVariable.scala:62)[0m
[0m[[0m[0mdebug[0m] [0m[0m	at scala.Console$.withOut(Console.scala:167)[0m
[0m[[0m[0mdebug[0m] [0m[0m	at sbt.internal.util.Terminal$.$anonfun$withOut$2(Terminal.scala:547)[0m
[0m[[0m[0mdebug[0m] [0m[0m	at scala.util.DynamicVariable.withValue(DynamicVariable.scala:62)[0m
[0m[[0m[0mdebug[0m] [0m[0m	at scala.Console$.withErr(Console.scala:196)[0m
[0m[[0m[0mdebug[0m] [0m[0m	at sbt.internal.util.Terminal$.withOut(Terminal.scala:547)[0m
[0m[[0m[0mdebug[0m] [0m[0m	at sbt.internal.util.Terminal$.withStreams(Terminal.scala:347)[0m
[0m[[0m[0mdebug[0m] [0m[0m	at sbt.xMain$.run(Main.scala:86)[0m
[0m[[0m[0mdebug[0m] [0m[0m	at java.base/jdk.internal.reflect.NativeMethodAccessorImpl.invoke0(Native Method)[0m
[0m[[0m[0mdebug[0m] [0m[0m	at java.base/jdk.internal.reflect.NativeMethodAccessorImpl.invoke(NativeMethodAccessorImpl.java:62)[0m
[0m[[0m[0mdebug[0m] [0m[0m	at java.base/jdk.internal.reflect.DelegatingMethodAccessorImpl.invoke(DelegatingMethodAccessorImpl.java:43)[0m
[0m[[0m[0mdebug[0m] [0m[0m	at java.base/java.lang.reflect.Method.invoke(Method.java:564)[0m
[0m[[0m[0mdebug[0m] [0m[0m	at sbt.internal.XMainConfiguration.run(XMainConfiguration.scala:83)[0m
[0m[[0m[0mdebug[0m] [0m[0m	at sbt.xMain.run(Main.scala:46)[0m
[0m[[0m[0mdebug[0m] [0m[0m	at xsbt.boot.Launch$$anonfun$run$1.apply(Launch.scala:111)[0m
[0m[[0m[0mdebug[0m] [0m[0m	at xsbt.boot.Launch$.withContextLoader(Launch.scala:131)[0m
[0m[[0m[0mdebug[0m] [0m[0m	at xsbt.boot.Launch$.run(Launch.scala:111)[0m
[0m[[0m[0mdebug[0m] [0m[0m	at xsbt.boot.Launch$$anonfun$apply$1.apply(Launch.scala:37)[0m
[0m[[0m[0mdebug[0m] [0m[0m	at xsbt.boot.Launch$.launch(Launch.scala:120)[0m
[0m[[0m[0mdebug[0m] [0m[0m	at xsbt.boot.Launch$.apply(Launch.scala:20)[0m
[0m[[0m[0mdebug[0m] [0m[0m	at xsbt.boot.Boot$.runImpl(Boot.scala:56)[0m
[0m[[0m[0mdebug[0m] [0m[0m	at xsbt.boot.Boot$.main(Boot.scala:18)[0m
[0m[[0m[0mdebug[0m] [0m[0m	at xsbt.boot.Boot.main(Boot.scala)[0m
[0m[[0m[31merror[0m] [0m[0msbt.compiler.EvalException: Type error in expression[0m
[0m[[0m[31merror[0m] [0m[0msbt.compiler.EvalException: Type error in expression[0m
[0m[[0m[31merror[0m] [0m[0mUse 'last' for the full log.[0m
[0m[[0m[0mdebug[0m] [0m[0m> Exec(loadFailed, None, None)[0m
[0m[[0m[33mwarn[0m] [0m[0mProject loading failed: (r)etry, (q)uit, (l)ast, or (i)gnore? (default: r)[0m
[0m[[0m[33mwarn[0m] [0m[0mProject loading failed: (r)etry, (q)uit, (l)ast, or (i)gnore? (default: r)[0m
[0m[[0m[33mwarn[0m] [0m[0mProject loading failed: (r)etry, (q)uit, (l)ast, or (i)gnore? (default: r)[0m
[0m[[0m[33mwarn[0m] [0m[0mProject loading failed: (r)etry, (q)uit, (l)ast, or (i)gnore? (default: r)[0m
[0m[[0m[33mwarn[0m] [0m[0mProject loading failed: (r)etry, (q)uit, (l)ast, or (i)gnore? (default: r)[0m
[0m[[0m[33mwarn[0m] [0m[0mProject loading failed: (r)etry, (q)uit, (l)ast, or (i)gnore? (default: r)[0m
[0m[[0m[33mwarn[0m] [0m[0mProject loading failed: (r)etry, (q)uit, (l)ast, or (i)gnore? (default: r)[0m
[0m[[0m[33mwarn[0m] [0m[0mProject loading failed: (r)etry, (q)uit, (l)ast, or (i)gnore? (default: r)[0m
[0m[[0m[33mwarn[0m] [0m[0mProject loading failed: (r)etry, (q)uit, (l)ast, or (i)gnore? (default: r)[0m
[0m[[0m[33mwarn[0m] [0m[0mProject loading failed: (r)etry, (q)uit, (l)ast, or (i)gnore? (default: r)[0m
